<?xml version="1.0" encoding="UTF-8"?><testsuite errors="0" failures="1" name="Search for an existing customer with their User ID" skipped="0" tests="1" time="96.94" timestamp="2018-05-07T05:54:12.394+08:00[Asia/Singapore]"><testcase name="Searching for customer with a User ID 'chained@cloned'"><failure message="The following error occurred: Expected enabled element was not enabled&#10;Build info: version: '3.11.0', revision: 'e59cfb3', time: '2018-03-11T20:26:55.152Z'&#10;System info: host: 'DESKTOP-F5I4FID', ip: '192.168.1.5', os.name: 'Windows 10', os.arch: 'amd64', os.version: '10.0', java.version: '1.8.0_172'&#10;Driver info: driver.version: unknown" type="net.thucydides.core.webdriver.exceptions.ElementShouldBeEnabledException">The following error occurred: Expected enabled element was not enabled
Build info: version: '3.11.0', revision: 'e59cfb3', time: '2018-03-11T20:26:55.152Z'
System info: host: 'DESKTOP-F5I4FID', ip: '192.168.1.5', os.name: 'Windows 10', os.arch: 'amd64', os.version: '10.0', java.version: '1.8.0_172'
Driver info: driver.version: unknown</failure><system-err>The following error occurred: Expected enabled element was not enabled
Build info: version: '3.11.0', revision: 'e59cfb3', time: '2018-03-11T20:26:55.152Z'
System info: host: 'DESKTOP-F5I4FID', ip: '192.168.1.5', os.name: 'Windows 10', os.arch: 'amd64', os.version: '10.0', java.version: '1.8.0_172'
Driver info: driver.version: unknown&#13;
com.elavon.ec_automation.pages.SplashPage.opens_sign_in_page(SplashPage.java:20)&#13;
com.elavon.ec_automation.steps.serenity.InternalUserSteps.signs_in(InternalUserSteps.java:26)&#13;
com.elavon.ec_automation.steps.DefinitionSteps.givenTheInternalUserSignsIn(DefinitionSteps.java:22)&#13;
cucumber.runner.Runner.runPickle(Runner.java:80)&#13;
</system-err></testcase></testsuite>